Start testing: Nov 24 19:54 中国标准时间
----------------------------------------------------------
1/3 Testing: test_ast
1/3 Test: test_ast
Command: "F:/2025Autumn/CS2612/CS2612_materials/experiment/bigwork/build/Release/test_ast.exe"
Directory: F:/2025Autumn/CS2612/CS2612_materials/experiment/bigwork/build
"test_ast" start time: Nov 24 19:54 中国标准时间
Output:
----------------------------------------------------------
AST_OK
<end of output>
Test time =   0.16 sec
----------------------------------------------------------
Test Passed.
"test_ast" end time: Nov 24 19:54 中国标准时间
"test_ast" time elapsed: 00:00:00
----------------------------------------------------------

2/3 Testing: test_parser
2/3 Test: test_parser
Command: "F:/2025Autumn/CS2612/CS2612_materials/experiment/bigwork/build/Release/test_parser.exe"
Directory: F:/2025Autumn/CS2612/CS2612_materials/experiment/bigwork/build
"test_parser" start time: Nov 24 19:54 中国标准时间
Output:
----------------------------------------------------------
PARSE_OK
<end of output>
Test time =   0.11 sec
----------------------------------------------------------
Test Passed.
"test_parser" end time: Nov 24 19:54 中国标准时间
"test_parser" time elapsed: 00:00:00
----------------------------------------------------------

3/3 Testing: test_transform
3/3 Test: test_transform
Command: "F:/2025Autumn/CS2612/CS2612_materials/experiment/bigwork/build/Release/test_transform.exe"
Directory: F:/2025Autumn/CS2612/CS2612_materials/experiment/bigwork/build
"test_transform" start time: Nov 24 19:54 中国标准时间
Output:
----------------------------------------------------------
EXPAND_OK
<end of output>
Test time =   0.12 sec
----------------------------------------------------------
Test Passed.
"test_transform" end time: Nov 24 19:54 中国标准时间
"test_transform" time elapsed: 00:00:00
----------------------------------------------------------

End testing: Nov 24 19:54 中国标准时间
